<?xml version='1.0' encoding='UTF-8'?>
<testsuite hostname="DESKTOP-FD3GLNE" name="HigherOrderTest" tests="5" errors="0" failures="0" skipped="0" time="0.012" timestamp="2020-06-22T01:19:47">
                     <properties>
[...]
</properties>
                     <testcase classname="HigherOrderTest" name="test function plus" time="0.011">
                                                 
                                               </testcase><testcase classname="HigherOrderTest" name="test  function multiply" time="0.001">
                                                 
                                               </testcase><testcase classname="HigherOrderTest" name="test method nTimes" time="0.0">
                                                 
                                               </testcase><testcase classname="HigherOrderTest" name="test method testNTimes" time="0.0">
                                                 
                                               </testcase><testcase classname="HigherOrderTest" name="test method testAnonymousNTimes" time="0.0">
                                                 
                                               </testcase>
                     <system-out><![CDATA[]]></system-out>
                     <system-err><![CDATA[]]></system-err>
                   </testsuite>